/*C11*/SET SCHEMA PUBLIC
DELETE FROM PLAYER WHERE USERNAME='James'
INSERT INTO PLAYER VALUES('James',4,10.0E0)
COMMIT
DELETE FROM PLAYER WHERE USERNAME='James'
INSERT INTO PLAYER VALUES('James',4,-1.0E0)
COMMIT
DISCONNECT
/*C12*/SET SCHEMA PUBLIC
DELETE FROM PLAYER WHERE USERNAME='James'
INSERT INTO PLAYER VALUES('James',6,4.0E0)
COMMIT
DELETE FROM PLAYER WHERE USERNAME='James'
INSERT INTO PLAYER VALUES('James',6,-7.0E0)
COMMIT
DISCONNECT
/*C14*/SET SCHEMA PUBLIC
DELETE FROM PLAYER WHERE USERNAME='James'
INSERT INTO PLAYER VALUES('James',8,13.0E0)
COMMIT
DELETE FROM PLAYER WHERE USERNAME='Jane'
INSERT INTO PLAYER VALUES('Jane',4,14.0E0)
COMMIT
DISCONNECT
/*C15*/SET SCHEMA PUBLIC
DELETE FROM PLAYER WHERE USERNAME='James'
INSERT INTO PLAYER VALUES('James',10,33.0E0)
COMMIT
DELETE FROM PLAYER WHERE USERNAME='Jane'
INSERT INTO PLAYER VALUES('Jane',5,44.0E0)
COMMIT
DISCONNECT
/*C16*/SET SCHEMA PUBLIC
DELETE FROM PLAYER WHERE USERNAME='James'
INSERT INTO PLAYER VALUES('James',14,42.0E0)
COMMIT
DELETE FROM PLAYER WHERE USERNAME='Jane'
INSERT INTO PLAYER VALUES('Jane',6,74.0E0)
COMMIT
DISCONNECT
/*C17*/SET SCHEMA PUBLIC
DELETE FROM PLAYER WHERE USERNAME='James'
INSERT INTO PLAYER VALUES('James',18,51.0E0)
COMMIT
DELETE FROM PLAYER WHERE USERNAME='Jane'
INSERT INTO PLAYER VALUES('Jane',8,4.0E0)
COMMIT
DISCONNECT
/*C18*/SET SCHEMA PUBLIC
DELETE FROM PLAYER WHERE USERNAME='James'
INSERT INTO PLAYER VALUES('James',22,60.0E0)
COMMIT
DELETE FROM PLAYER WHERE USERNAME='Jane'
INSERT INTO PLAYER VALUES('Jane',9,34.0E0)
COMMIT
DISCONNECT
/*C19*/SET SCHEMA PUBLIC
DISCONNECT
/*C20*/SET SCHEMA PUBLIC
DISCONNECT
/*C21*/SET SCHEMA PUBLIC
DISCONNECT
/*C22*/SET SCHEMA PUBLIC
DISCONNECT
/*C13*/SET SCHEMA PUBLIC
CREATE TABLE TRANSACTIONHISTORY(\u000aTRANSACTIONID INTEGER NOT NULL PRIMARY KEY,\u000aUSERNAME VARCHAR(20) NOT NULL,\u000aERRORCODE INTEGER NOT NULL,\u000aAMOUNT DOUBLE NOT NULL,\u000aBALANCEBEFORE DOUBLE,\u000aBALANCEAFTER DOUBLE,\u000aBALANCEVERSION INTEGER NOT NULL)
DROP TABLE TRANSACTIONHISTORY
CREATE TABLE TRANSACTIONHISTORY(\u000aTRANSACTIONID INTEGER NOT NULL PRIMARY KEY,\u000aUSERNAME VARCHAR(20) NOT NULL,\u000aERRORCODE INTEGER NOT NULL,\u000aAMOUNT DOUBLE NOT NULL,\u000aDATE DATE NOT NULL,\u000aBALANCEBEFORE DOUBLE,\u000aBALANCEAFTER DOUBLE,\u000aBALANCEVERSION INTEGER NOT NULL)
/*C23*/SET SCHEMA PUBLIC
DISCONNECT
/*C24*/SET SCHEMA PUBLIC
DELETE FROM PLAYER WHERE USERNAME='James'
INSERT INTO PLAYER VALUES('James',23,57.0E0)
COMMIT
DISCONNECT
/*C13*/DROP TABLE TRANSACTIONHISTORY
CREATE TABLE TRANSACTIONHISTORY(\u000aTRANSACTIONID INTEGER NOT NULL PRIMARY KEY,\u000aUSERNAME VARCHAR(20) NOT NULL,\u000aERRORCODE INTEGER NOT NULL,\u000aAMOUNT DOUBLE NOT NULL,\u000aDATE TIMESTAMP NOT NULL,\u000aBALANCEBEFORE DOUBLE,\u000aBALANCEAFTER DOUBLE,\u000aBALANCEVERSION INTEGER NOT NULL)
/*C25*/SET SCHEMA PUBLIC
DELETE FROM PLAYER WHERE USERNAME='James'
INSERT INTO PLAYER VALUES('James',24,54.0E0)
COMMIT
INSERT INTO TRANSACTIONHISTORY VALUES(100560,'James',0,-3.0E0,'2018-02-25 09:09:34.000000',57.0E0,54.0E0,24)
COMMIT
DISCONNECT
/*C26*/SET SCHEMA PUBLIC
DELETE FROM PLAYER WHERE USERNAME='James'
INSERT INTO PLAYER VALUES('James',25,74.0E0)
COMMIT
INSERT INTO TRANSACTIONHISTORY VALUES(100559,'James',0,20.0E0,'2018-02-25 11:17:25.000000',54.0E0,74.0E0,25)
COMMIT
DISCONNECT
/*C27*/SET SCHEMA PUBLIC
DELETE FROM PLAYER WHERE USERNAME='James'
INSERT INTO PLAYER VALUES('James',25,74.0E0)
COMMIT
DISCONNECT
/*C28*/SET SCHEMA PUBLIC
DELETE FROM PLAYER WHERE USERNAME='James'
INSERT INTO PLAYER VALUES('James',25,74.0E0)
COMMIT
DISCONNECT
